<?xml version="1.0" encoding="UTF-8"?>
<coverage generated="1752259370851" clover="3.2.0">
  <project timestamp="1752259370851" name="All files">
    <metrics statements="11" coveredstatements="11" conditionals="2" coveredconditionals="2" methods="7" coveredmethods="7" elements="20" coveredelements="20" complexity="0" loc="11" ncloc="11" packages="2" files="3" classes="3"/>
    <package name="testes-automatizados-rn-main">
      <metrics statements="5" coveredstatements="5" conditionals="0" coveredconditionals="0" methods="3" coveredmethods="3"/>
      <file name="app.tsx" path="C:\Users\man0b\OneDrive\Desktop\MOBILE\EXPO\testes-automatizados-rn-main\testes-automatizados-rn-main\app.tsx">
        <metrics statements="5" coveredstatements="5" conditionals="0" coveredconditionals="0" methods="3" coveredmethods="3"/>
        <line num="12" count="5" type="stmt"/>
        <line num="13" count="5" type="stmt"/>
        <line num="19" count="1" type="stmt"/>
        <line num="28" count="1" type="stmt"/>
        <line num="41" count="1" type="stmt"/>
      </file>
    </package>
    <package name="testes-automatizados-rn-main.src">
      <metrics statements="6" coveredstatements="6" conditionals="2" coveredconditionals="2" methods="4" coveredmethods="4"/>
      <file name="Message.tsx" path="C:\Users\man0b\OneDrive\Desktop\MOBILE\EXPO\testes-automatizados-rn-main\testes-automatizados-rn-main\src\Message.tsx">
        <metrics statements="4" coveredstatements="4" conditionals="2" coveredconditionals="2" methods="3" coveredmethods="3"/>
        <line num="5" count="8" type="stmt"/>
        <line num="9" count="1" type="stmt"/>
        <line num="10" count="1" type="stmt"/>
        <line num="14" count="8" type="stmt"/>
      </file>
      <file name="Title.tsx" path="C:\Users\man0b\OneDrive\Desktop\MOBILE\EXPO\testes-automatizados-rn-main\testes-automatizados-rn-main\src\Title.tsx">
        <metrics statements="2" coveredstatements="2" conditionals="0" coveredconditionals="0" methods="1" coveredmethods="1"/>
        <line num="9" count="7" type="stmt"/>
        <line num="14" count="2" type="stmt"/>
      </file>
    </package>
  </project>
</coverage>
