{"C:\\Users\\man0b\\OneDrive\\Desktop\\MOBILE\\EXPO\\testes-automatizados-rn-main\\testes-automatizados-rn-main\\app.tsx": {"path":"C:\\Users\\man0b\\OneDrive\\Desktop\\MOBILE\\EXPO\\testes-automatizados-rn-main\\testes-automatizados-rn-main\\app.tsx","statementMap":{"0":{"start":{"line":12,"column":30},"end":{"line":12,"column":41}},"1":{"start":{"line":13,"column":4},"end":{"line":38,"column":5}},"2":{"start":{"line":19,"column":35},"end":{"line":19,"column":54}},"3":{"start":{"line":28,"column":35},"end":{"line":28,"column":54}},"4":{"start":{"line":41,"column":15},"end":{"line":67,"column":2}}},"fnMap":{"0":{"name":"App","decl":{"start":{"line":11,"column":24},"end":{"line":11,"column":27}},"loc":{"start":{"line":11,"column":30},"end":{"line":39,"column":1}},"line":11},"1":{"name":"(anonymous_1)","decl":{"start":{"line":19,"column":29},"end":{"line":19,"column":30}},"loc":{"start":{"line":19,"column":35},"end":{"line":19,"column":54}},"line":19},"2":{"name":"(anonymous_2)","decl":{"start":{"line":28,"column":29},"end":{"line":28,"column":30}},"loc":{"start":{"line":28,"column":35},"end":{"line":28,"column":54}},"line":28}},"branchMap":{},"s":{"0":5,"1":5,"2":1,"3":1,"4":1},"f":{"0":5,"1":1,"2":1},"b":{},"_coverageSchema":"1a1c01bbd47fc00a2c39e90264f33305004495a9","hash":"8eb90251b75aa48f48b7bbe7dc329c55457d501f"}
,"C:\\Users\\man0b\\OneDrive\\Desktop\\MOBILE\\EXPO\\testes-automatizados-rn-main\\testes-automatizados-rn-main\\src\\Message.tsx": {"path":"C:\\Users\\man0b\\OneDrive\\Desktop\\MOBILE\\EXPO\\testes-automatizados-rn-main\\testes-automatizados-rn-main\\src\\Message.tsx","statementMap":{"0":{"start":{"line":5,"column":42},"end":{"line":5,"column":57}},"1":{"start":{"line":9,"column":8},"end":{"line":11,"column":17}},"2":{"start":{"line":10,"column":12},"end":{"line":10,"column":40}},"3":{"start":{"line":14,"column":4},"end":{"line":20,"column":5}}},"fnMap":{"0":{"name":"Message","decl":{"start":{"line":4,"column":24},"end":{"line":4,"column":31}},"loc":{"start":{"line":4,"column":34},"end":{"line":21,"column":1}},"line":4},"1":{"name":"toggleMessage","decl":{"start":{"line":7,"column":13},"end":{"line":7,"column":26}},"loc":{"start":{"line":7,"column":29},"end":{"line":12,"column":5}},"line":7},"2":{"name":"(anonymous_2)","decl":{"start":{"line":9,"column":19},"end":{"line":9,"column":20}},"loc":{"start":{"line":9,"column":25},"end":{"line":11,"column":9}},"line":9}},"branchMap":{"0":{"loc":{"start":{"line":16,"column":36},"end":{"line":16,"column":80}},"type":"cond-expr","locations":[{"start":{"line":16,"column":50},"end":{"line":16,"column":62}},{"start":{"line":16,"column":65},"end":{"line":16,"column":80}}],"line":16}},"s":{"0":7,"1":1,"2":0,"3":7},"f":{"0":7,"1":1,"2":0},"b":{"0":[0,7]},"_coverageSchema":"1a1c01bbd47fc00a2c39e90264f33305004495a9","hash":"8376d998ed9ef435bed2d66ca95a4b39c20c9d25"}
,"C:\\Users\\man0b\\OneDrive\\Desktop\\MOBILE\\EXPO\\testes-automatizados-rn-main\\testes-automatizados-rn-main\\src\\Title.tsx": {"path":"C:\\Users\\man0b\\OneDrive\\Desktop\\MOBILE\\EXPO\\testes-automatizados-rn-main\\testes-automatizados-rn-main\\src\\Title.tsx","statementMap":{"0":{"start":{"line":9,"column":4},"end":{"line":11,"column":5}},"1":{"start":{"line":14,"column":15},"end":{"line":20,"column":2}}},"fnMap":{"0":{"name":"Title","decl":{"start":{"line":8,"column":24},"end":{"line":8,"column":29}},"loc":{"start":{"line":8,"column":60},"end":{"line":12,"column":1}},"line":8}},"branchMap":{},"s":{"0":7,"1":2},"f":{"0":7},"b":{},"_coverageSchema":"1a1c01bbd47fc00a2c39e90264f33305004495a9","hash":"d662cfb103a43e50de1b29718da5e5aa6df57656"}
}
