{"C:\\Users\\man0b\\OneDrive\\Desktop\\MOBILE\\EXPO\\testes-automatizados-rn-main\\testes-automatizados-rn-main\\app.tsx": {"path":"C:\\Users\\man0b\\OneDrive\\Desktop\\MOBILE\\EXPO\\testes-automatizados-rn-main\\testes-automatizados-rn-main\\app.tsx","statementMap":{"0":{"start":{"line":12,"column":30},"end":{"line":12,"column":41}},"1":{"start":{"line":13,"column":4},"end":{"line":38,"column":5}},"2":{"start":{"line":19,"column":35},"end":{"line":19,"column":54}},"3":{"start":{"line":28,"column":35},"end":{"line":28,"column":54}},"4":{"start":{"line":41,"column":15},"end":{"line":67,"column":2}}},"fnMap":{"0":{"name":"App","decl":{"start":{"line":11,"column":24},"end":{"line":11,"column":27}},"loc":{"start":{"line":11,"column":30},"end":{"line":39,"column":1}},"line":11},"1":{"name":"(anonymous_1)","decl":{"start":{"line":19,"column":29},"end":{"line":19,"column":30}},"loc":{"start":{"line":19,"column":35},"end":{"line":19,"column":54}},"line":19},"2":{"name":"(anonymous_2)","decl":{"start":{"line":28,"column":29},"end":{"line":28,"column":30}},"loc":{"start":{"line":28,"column":35},"end":{"line":28,"column":54}},"line":28}},"branchMap":{},"s":{"0":5,"1":5,"2":1,"3":1,"4":1},"f":{"0":5,"1":1,"2":1},"b":{},"_coverageSchema":"1a1c01bbd47fc00a2c39e90264f33305004495a9","hash":"8eb90251b75aa48f48b7bbe7dc329c55457d501f"}
,"C:\\Users\\man0b\\OneDrive\\Desktop\\MOBILE\\EXPO\\testes-automatizados-rn-main\\testes-automatizados-rn-main\\src\\Form.tsx": {"path":"C:\\Users\\man0b\\OneDrive\\Desktop\\MOBILE\\EXPO\\testes-automatizados-rn-main\\testes-automatizados-rn-main\\src\\Form.tsx","statementMap":{"0":{"start":{"line":11,"column":30},"end":{"line":11,"column":42}},"1":{"start":{"line":12,"column":36},"end":{"line":12,"column":48}},"2":{"start":{"line":13,"column":28},"end":{"line":13,"column":40}},"3":{"start":{"line":16,"column":8},"end":{"line":18,"column":9}},"4":{"start":{"line":17,"column":12},"end":{"line":17,"column":40}},"5":{"start":{"line":21,"column":4},"end":{"line":45,"column":5}},"6":{"start":{"line":27,"column":40},"end":{"line":27,"column":54}},"7":{"start":{"line":34,"column":40},"end":{"line":34,"column":57}},"8":{"start":{"line":40,"column":31},"end":{"line":40,"column":59}},"9":{"start":{"line":48,"column":15},"end":{"line":60,"column":2}}},"fnMap":{"0":{"name":"Form","decl":{"start":{"line":10,"column":24},"end":{"line":10,"column":28}},"loc":{"start":{"line":10,"column":31},"end":{"line":46,"column":1}},"line":10},"1":{"name":"handleLogin","decl":{"start":{"line":15,"column":13},"end":{"line":15,"column":24}},"loc":{"start":{"line":15,"column":61},"end":{"line":19,"column":5}},"line":15},"2":{"name":"(anonymous_2)","decl":{"start":{"line":27,"column":30},"end":{"line":27,"column":31}},"loc":{"start":{"line":27,"column":40},"end":{"line":27,"column":54}},"line":27},"3":{"name":"(anonymous_3)","decl":{"start":{"line":34,"column":30},"end":{"line":34,"column":31}},"loc":{"start":{"line":34,"column":40},"end":{"line":34,"column":57}},"line":34},"4":{"name":"(anonymous_4)","decl":{"start":{"line":40,"column":25},"end":{"line":40,"column":26}},"loc":{"start":{"line":40,"column":31},"end":{"line":40,"column":59}},"line":40}},"branchMap":{"0":{"loc":{"start":{"line":16,"column":8},"end":{"line":18,"column":9}},"type":"if","locations":[{"start":{"line":16,"column":8},"end":{"line":18,"column":9}},{"start":{},"end":{}}],"line":16},"1":{"loc":{"start":{"line":16,"column":11},"end":{"line":16,"column":66}},"type":"binary-expr","locations":[{"start":{"line":16,"column":11},"end":{"line":16,"column":38}},{"start":{"line":16,"column":42},"end":{"line":16,"column":66}}],"line":16},"2":{"loc":{"start":{"line":43,"column":14},"end":{"line":43,"column":48}},"type":"binary-expr","locations":[{"start":{"line":43,"column":14},"end":{"line":43,"column":25}},{"start":{"line":43,"column":29},"end":{"line":43,"column":48}}],"line":43}},"s":{"0":7,"1":7,"2":7,"3":2,"4":1,"5":7,"6":2,"7":2,"8":2,"9":1},"f":{"0":7,"1":2,"2":2,"3":2,"4":2},"b":{"0":[1,1],"1":[2,1],"2":[7,1]},"_coverageSchema":"1a1c01bbd47fc00a2c39e90264f33305004495a9","hash":"5600f08361045b6a30a504fc8048c3be1c094076"}
,"C:\\Users\\man0b\\OneDrive\\Desktop\\MOBILE\\EXPO\\testes-automatizados-rn-main\\testes-automatizados-rn-main\\src\\Game.tsx": {"path":"C:\\Users\\man0b\\OneDrive\\Desktop\\MOBILE\\EXPO\\testes-automatizados-rn-main\\testes-automatizados-rn-main\\src\\Game.tsx","statementMap":{"0":{"start":{"line":17,"column":28},"end":{"line":17,"column":59}},"1":{"start":{"line":18,"column":36},"end":{"line":18,"column":48}},"2":{"start":{"line":20,"column":4},"end":{"line":35,"column":11}},"3":{"start":{"line":23,"column":12},"end":{"line":31,"column":13}},"4":{"start":{"line":24,"column":33},"end":{"line":24,"column":75}},"5":{"start":{"line":25,"column":16},"end":{"line":28,"column":18}},"6":{"start":{"line":30,"column":16},"end":{"line":30,"column":54}},"7":{"start":{"line":34,"column":8},"end":{"line":34,"column":19}},"8":{"start":{"line":38,"column":8},"end":{"line":46,"column":9}},"9":{"start":{"line":39,"column":29},"end":{"line":39,"column":70}},"10":{"start":{"line":40,"column":12},"end":{"line":43,"column":14}},"11":{"start":{"line":45,"column":12},"end":{"line":45,"column":50}},"12":{"start":{"line":49,"column":4},"end":{"line":69,"column":5}},"13":{"start":{"line":72,"column":15},"end":{"line":78,"column":2}}},"fnMap":{"0":{"name":"Game","decl":{"start":{"line":16,"column":24},"end":{"line":16,"column":28}},"loc":{"start":{"line":16,"column":31},"end":{"line":70,"column":1}},"line":16},"1":{"name":"(anonymous_1)","decl":{"start":{"line":20,"column":14},"end":{"line":20,"column":15}},"loc":{"start":{"line":20,"column":20},"end":{"line":35,"column":5}},"line":20},"2":{"name":"fetchGame","decl":{"start":{"line":22,"column":23},"end":{"line":22,"column":32}},"loc":{"start":{"line":22,"column":35},"end":{"line":32,"column":9}},"line":22},"3":{"name":"handleFetchGame","decl":{"start":{"line":37,"column":19},"end":{"line":37,"column":34}},"loc":{"start":{"line":37,"column":37},"end":{"line":47,"column":5}},"line":37}},"branchMap":{"0":{"loc":{"start":{"line":51,"column":13},"end":{"line":60,"column":13}},"type":"binary-expr","locations":[{"start":{"line":51,"column":13},"end":{"line":51,"column":17}},{"start":{"line":52,"column":16},"end":{"line":59,"column":19}}],"line":51},"1":{"loc":{"start":{"line":62,"column":14},"end":{"line":62,"column":153}},"type":"binary-expr","locations":[{"start":{"line":62,"column":14},"end":{"line":62,"column":29}},{"start":{"line":62,"column":34},"end":{"line":62,"column":152}}],"line":62}},"s":{"0":9,"1":9,"2":9,"3":5,"4":5,"5":1,"6":1,"7":5,"8":0,"9":0,"10":0,"11":0,"12":9,"13":2},"f":{"0":9,"1":5,"2":5,"3":0},"b":{"0":[9,1],"1":[9,1]},"_coverageSchema":"1a1c01bbd47fc00a2c39e90264f33305004495a9","hash":"714938895bf3e96ed1e3bfaf158bde818fd8d36b"}
,"C:\\Users\\man0b\\OneDrive\\Desktop\\MOBILE\\EXPO\\testes-automatizados-rn-main\\testes-automatizados-rn-main\\src\\Message.tsx": {"path":"C:\\Users\\man0b\\OneDrive\\Desktop\\MOBILE\\EXPO\\testes-automatizados-rn-main\\testes-automatizados-rn-main\\src\\Message.tsx","statementMap":{"0":{"start":{"line":5,"column":42},"end":{"line":5,"column":57}},"1":{"start":{"line":9,"column":8},"end":{"line":11,"column":17}},"2":{"start":{"line":10,"column":12},"end":{"line":10,"column":40}},"3":{"start":{"line":14,"column":4},"end":{"line":20,"column":5}}},"fnMap":{"0":{"name":"Message","decl":{"start":{"line":4,"column":24},"end":{"line":4,"column":31}},"loc":{"start":{"line":4,"column":34},"end":{"line":21,"column":1}},"line":4},"1":{"name":"toggleMessage","decl":{"start":{"line":7,"column":13},"end":{"line":7,"column":26}},"loc":{"start":{"line":7,"column":29},"end":{"line":12,"column":5}},"line":7},"2":{"name":"(anonymous_2)","decl":{"start":{"line":9,"column":19},"end":{"line":9,"column":20}},"loc":{"start":{"line":9,"column":25},"end":{"line":11,"column":9}},"line":9}},"branchMap":{"0":{"loc":{"start":{"line":16,"column":36},"end":{"line":16,"column":80}},"type":"cond-expr","locations":[{"start":{"line":16,"column":50},"end":{"line":16,"column":62}},{"start":{"line":16,"column":65},"end":{"line":16,"column":80}}],"line":16}},"s":{"0":3,"1":1,"2":1,"3":3},"f":{"0":3,"1":1,"2":1},"b":{"0":[1,2]},"_coverageSchema":"1a1c01bbd47fc00a2c39e90264f33305004495a9","hash":"8376d998ed9ef435bed2d66ca95a4b39c20c9d25"}
,"C:\\Users\\man0b\\OneDrive\\Desktop\\MOBILE\\EXPO\\testes-automatizados-rn-main\\testes-automatizados-rn-main\\src\\Title.tsx": {"path":"C:\\Users\\man0b\\OneDrive\\Desktop\\MOBILE\\EXPO\\testes-automatizados-rn-main\\testes-automatizados-rn-main\\src\\Title.tsx","statementMap":{"0":{"start":{"line":9,"column":4},"end":{"line":11,"column":5}},"1":{"start":{"line":14,"column":15},"end":{"line":20,"column":2}}},"fnMap":{"0":{"name":"Title","decl":{"start":{"line":8,"column":24},"end":{"line":8,"column":29}},"loc":{"start":{"line":8,"column":60},"end":{"line":12,"column":1}},"line":8}},"branchMap":{},"s":{"0":7,"1":2},"f":{"0":7},"b":{},"_coverageSchema":"1a1c01bbd47fc00a2c39e90264f33305004495a9","hash":"d662cfb103a43e50de1b29718da5e5aa6df57656"}
,"C:\\Users\\man0b\\OneDrive\\Desktop\\MOBILE\\EXPO\\testes-automatizados-rn-main\\testes-automatizados-rn-main\\src\\services\\api.ts": {"path":"C:\\Users\\man0b\\OneDrive\\Desktop\\MOBILE\\EXPO\\testes-automatizados-rn-main\\testes-automatizados-rn-main\\src\\services\\api.ts","statementMap":{"0":{"start":{"line":3,"column":12},"end":{"line":5,"column":2}}},"fnMap":{},"branchMap":{},"s":{"0":2},"f":{},"b":{},"_coverageSchema":"1a1c01bbd47fc00a2c39e90264f33305004495a9","hash":"01d4031a04aba61f6ac51b0ce354565c557f2fc6"}
}
