TN:
SF:app.tsx
FN:11,App
FN:19,(anonymous_1)
FN:28,(anonymous_2)
FNF:3
FNH:3
FNDA:5,App
FNDA:1,(anonymous_1)
FNDA:1,(anonymous_2)
DA:12,5
DA:13,5
DA:19,1
DA:28,1
DA:41,1
LF:5
LH:5
BRF:0
BRH:0
end_of_record
TN:
SF:src\Message.tsx
FN:4,Message
FN:11,(anonymous_1)
FNF:2
FNH:2
FNDA:8,Message
FNDA:1,(anonymous_1)
DA:5,8
DA:7,8
DA:11,1
LF:3
LH:3
BRDA:9,0,0,1
BRDA:9,0,1,7
BRF:2
BRH:2
end_of_record
TN:
SF:src\Title.tsx
FN:8,Title
FNF:1
FNH:1
FNDA:7,Title
DA:9,7
DA:14,2
LF:2
LH:2
BRF:0
BRH:0
end_of_record
