TN:
SF:app.tsx
FN:11,App
FN:19,(anonymous_1)
FN:28,(anonymous_2)
FNF:3
FNH:3
FNDA:5,App
FNDA:1,(anonymous_1)
FNDA:1,(anonymous_2)
DA:12,5
DA:13,5
DA:19,1
DA:28,1
DA:41,1
LF:5
LH:5
BRF:0
BRH:0
end_of_record
TN:
SF:src\Form.tsx
FN:10,Form
FN:15,handleLogin
FN:27,(anonymous_2)
FN:34,(anonymous_3)
FN:40,(anonymous_4)
FNF:5
FNH:5
FNDA:7,Form
FNDA:2,handleLogin
FNDA:2,(anonymous_2)
FNDA:2,(anonymous_3)
FNDA:2,(anonymous_4)
DA:11,7
DA:12,7
DA:13,7
DA:16,2
DA:17,1
DA:21,7
DA:27,2
DA:34,2
DA:40,2
DA:48,1
LF:10
LH:10
BRDA:16,0,0,1
BRDA:16,0,1,1
BRDA:16,1,0,2
BRDA:16,1,1,1
BRDA:43,2,0,7
BRDA:43,2,1,1
BRF:6
BRH:6
end_of_record
TN:
SF:src\Message.tsx
FN:4,Message
FN:7,toggleMessage
FN:9,(anonymous_2)
FNF:3
FNH:3
FNDA:8,Message
FNDA:1,toggleMessage
FNDA:1,(anonymous_2)
DA:5,8
DA:9,1
DA:10,1
DA:14,8
LF:4
LH:4
BRDA:16,0,0,1
BRDA:16,0,1,7
BRF:2
BRH:2
end_of_record
TN:
SF:src\Title.tsx
FN:8,Title
FNF:1
FNH:1
FNDA:7,Title
DA:9,7
DA:14,2
LF:2
LH:2
BRF:0
BRH:0
end_of_record
